{"level":"info","message":"Matt Jones","timestamp":"2016-07-09T19:17:27.220Z"}
{"level":"info","message":"Matt Jones","timestamp":"2016-07-09T19:17:27.224Z"}
{"level":"info","message":"1 11","timestamp":"2016-07-09T19:17:27.224Z"}
{"level":"info","message":"Michelle Jones","timestamp":"2016-07-09T19:17:27.225Z"}
{"level":"info","message":"Matt Jones","timestamp":"2016-07-09T19:24:50.719Z"}
{"level":"info","message":"Matt Jones","timestamp":"2016-07-09T19:24:50.722Z"}
{"level":"info","message":"1 11","timestamp":"2016-07-09T19:24:50.723Z"}
{"level":"info","message":"Michelle Jones","timestamp":"2016-07-09T19:24:50.723Z"}
{"level":"info","message":"Matt Jones","timestamp":"2016-07-09T19:24:59.588Z"}
{"level":"info","message":"Matt Jones","timestamp":"2016-07-09T19:24:59.591Z"}
{"level":"info","message":"1 11","timestamp":"2016-07-09T19:24:59.591Z"}
{"level":"info","message":"Michelle Jones","timestamp":"2016-07-09T19:24:59.591Z"}
{"level":"info","message":"Matt Jones","timestamp":"2016-07-09T19:25:50.437Z"}
{"level":"info","message":"Matt Jones","timestamp":"2016-07-09T19:25:50.439Z"}
{"level":"info","message":"1 11","timestamp":"2016-07-09T19:25:50.440Z"}
{"level":"info","message":"Michelle Jones","timestamp":"2016-07-09T19:25:50.440Z"}
{"level":"info","message":"Matt Jones","timestamp":"2016-07-09T19:25:54.476Z"}
{"level":"info","message":"Matt Jones","timestamp":"2016-07-09T19:25:54.478Z"}
{"level":"info","message":"1 11","timestamp":"2016-07-09T19:25:54.478Z"}
{"level":"info","message":"Michelle Jones","timestamp":"2016-07-09T19:25:54.478Z"}
{"level":"info","message":"Carter Jones","timestamp":"2016-07-09T19:25:54.478Z"}
{"level":"info","message":"Matt Jones","timestamp":"2016-07-09T19:25:59.425Z"}
{"level":"info","message":"Matt Jones","timestamp":"2016-07-09T19:25:59.427Z"}
{"level":"info","message":"1 11","timestamp":"2016-07-09T19:25:59.427Z"}
{"level":"info","message":"Michelle Jones","timestamp":"2016-07-09T19:25:59.427Z"}
{"level":"info","message":"Carter Jones","timestamp":"2016-07-09T19:25:59.428Z"}
{"level":"info","message":"Carter Jones","timestamp":"2016-07-09T19:25:59.428Z"}
{"level":"info","message":"Matt Jones","timestamp":"2016-07-09T22:37:43.341Z"}
{"level":"info","message":"Matt Jones","timestamp":"2016-07-09T22:37:43.344Z"}
{"level":"info","message":"1 11","timestamp":"2016-07-09T22:37:43.344Z"}
{"level":"info","message":"Michelle Jones","timestamp":"2016-07-09T22:37:43.344Z"}
{"level":"info","message":"Carter Jones","timestamp":"2016-07-09T22:37:43.344Z"}
{"level":"info","message":"Carter Jones","timestamp":"2016-07-09T22:37:43.344Z"}
{"level":"info","message":"Carter Jones","timestamp":"2016-07-09T22:37:43.344Z"}
{"level":"info","message":"Matt Jones","timestamp":"2016-07-09T22:38:44.751Z"}
{"level":"info","message":"Matt Jones","timestamp":"2016-07-09T22:38:44.754Z"}
{"level":"info","message":"1 11","timestamp":"2016-07-09T22:38:44.754Z"}
{"level":"info","message":"Michelle Jones","timestamp":"2016-07-09T22:38:44.754Z"}
{"level":"info","message":"Carter Jones","timestamp":"2016-07-09T22:38:44.754Z"}
{"level":"info","message":"Carter Jones","timestamp":"2016-07-09T22:38:44.754Z"}
{"level":"info","message":"Carter Jones","timestamp":"2016-07-09T22:38:44.755Z"}
{"level":"info","message":"Matt Jones","timestamp":"2016-07-09T22:39:25.255Z"}
{"level":"info","message":"Matt Jones","timestamp":"2016-07-09T22:39:25.260Z"}
{"level":"info","message":"1 11","timestamp":"2016-07-09T22:39:25.261Z"}
{"level":"info","message":"Michelle Jones","timestamp":"2016-07-09T22:39:25.261Z"}
{"level":"info","message":"Carter Jones","timestamp":"2016-07-09T22:39:25.261Z"}
{"level":"info","message":"Carter Jones","timestamp":"2016-07-09T22:39:25.262Z"}
{"level":"info","message":"Carter Jones","timestamp":"2016-07-09T22:39:25.262Z"}
{"level":"info","message":"Matt Jones","timestamp":"2016-07-09T22:40:02.162Z"}
{"level":"info","message":"Matt Jones","timestamp":"2016-07-09T22:40:02.165Z"}
{"level":"info","message":"1 11","timestamp":"2016-07-09T22:40:02.165Z"}
{"level":"info","message":"Michelle Jones","timestamp":"2016-07-09T22:40:02.165Z"}
{"level":"info","message":"Carter Jones","timestamp":"2016-07-09T22:40:02.165Z"}
{"level":"info","message":"Carter Jones","timestamp":"2016-07-09T22:40:02.165Z"}
{"level":"info","message":"Carter Jones","timestamp":"2016-07-09T22:40:02.166Z"}
{"level":"info","message":"Matt Jones","timestamp":"2016-07-09T22:40:33.066Z"}
{"level":"info","message":"Matt Jones","timestamp":"2016-07-09T22:40:33.069Z"}
{"level":"info","message":"1 11","timestamp":"2016-07-09T22:40:33.069Z"}
{"level":"info","message":"Michelle Jones","timestamp":"2016-07-09T22:40:33.069Z"}
{"level":"info","message":"Carter Jones","timestamp":"2016-07-09T22:40:33.069Z"}
{"level":"info","message":"Carter Jones","timestamp":"2016-07-09T22:40:33.069Z"}
{"level":"info","message":"Carter Jones","timestamp":"2016-07-09T22:40:33.070Z"}
{"level":"info","message":"Matt Jones","timestamp":"2016-07-10T00:06:55.440Z"}
{"level":"info","message":"Matt Jones","timestamp":"2016-07-10T00:06:55.442Z"}
{"level":"info","message":"1 11","timestamp":"2016-07-10T00:06:55.442Z"}
{"level":"info","message":"Michelle Jones","timestamp":"2016-07-10T00:06:55.443Z"}
{"level":"info","message":"Carter Jones","timestamp":"2016-07-10T00:06:55.443Z"}
{"level":"info","message":"Carter Jones","timestamp":"2016-07-10T00:06:55.443Z"}
{"level":"info","message":"Carter Jones","timestamp":"2016-07-10T00:06:55.443Z"}
{"level":"info","message":"Matt Jones","timestamp":"2016-07-10T00:07:25.695Z"}
{"level":"info","message":"Matt Jones","timestamp":"2016-07-10T00:07:25.698Z"}
{"level":"info","message":"1 11","timestamp":"2016-07-10T00:07:25.698Z"}
{"level":"info","message":"Michelle Jones","timestamp":"2016-07-10T00:07:25.698Z"}
{"level":"info","message":"Carter Jones","timestamp":"2016-07-10T00:07:25.698Z"}
{"level":"info","message":"Carter Jones","timestamp":"2016-07-10T00:07:25.698Z"}
{"level":"info","message":"Carter Jones","timestamp":"2016-07-10T00:07:25.699Z"}
{"level":"info","message":"Matt Jones","timestamp":"2016-07-10T00:08:20.323Z"}
{"level":"info","message":"Matt Jones","timestamp":"2016-07-10T00:08:20.325Z"}
{"level":"info","message":"1 11","timestamp":"2016-07-10T00:08:20.325Z"}
{"level":"info","message":"Michelle Jones","timestamp":"2016-07-10T00:08:20.325Z"}
{"level":"info","message":"Carter Jones","timestamp":"2016-07-10T00:08:20.325Z"}
{"level":"info","message":"Carter Jones","timestamp":"2016-07-10T00:08:20.326Z"}
{"level":"info","message":"Carter Jones","timestamp":"2016-07-10T00:08:20.326Z"}
{"level":"info","message":"Matt Jones","timestamp":"2016-07-10T00:09:04.152Z"}
{"level":"info","message":"Matt Jones","timestamp":"2016-07-10T00:09:04.153Z"}
{"level":"info","message":"1 11","timestamp":"2016-07-10T00:09:04.154Z"}
{"level":"info","message":"Michelle Jones","timestamp":"2016-07-10T00:09:04.154Z"}
{"level":"info","message":"Carter Jones","timestamp":"2016-07-10T00:09:04.154Z"}
{"level":"info","message":"Carter Jones","timestamp":"2016-07-10T00:09:04.154Z"}
{"level":"info","message":"Carter Jones","timestamp":"2016-07-10T00:09:04.154Z"}
{"level":"info","message":"Matt Jones","timestamp":"2016-07-10T00:09:14.775Z"}
{"level":"info","message":"Matt Jones","timestamp":"2016-07-10T00:09:14.778Z"}
{"level":"info","message":"1 11","timestamp":"2016-07-10T00:09:14.778Z"}
{"level":"info","message":"Michelle Jones","timestamp":"2016-07-10T00:09:14.778Z"}
{"level":"info","message":"Carter Jones","timestamp":"2016-07-10T00:09:14.778Z"}
{"level":"info","message":"Carter Jones","timestamp":"2016-07-10T00:09:14.778Z"}
{"level":"info","message":"Carter Jones","timestamp":"2016-07-10T00:09:14.778Z"}
{"level":"info","message":"Matt Jones","timestamp":"2016-07-10T00:10:57.645Z"}
{"level":"info","message":"Matt Jones","timestamp":"2016-07-10T00:10:57.648Z"}
{"level":"info","message":"1 11","timestamp":"2016-07-10T00:10:57.648Z"}
{"level":"info","message":"Michelle Jones","timestamp":"2016-07-10T00:10:57.648Z"}
{"level":"info","message":"Carter Jones","timestamp":"2016-07-10T00:10:57.649Z"}
{"level":"info","message":"Carter Jones","timestamp":"2016-07-10T00:10:57.649Z"}
{"level":"info","message":"Carter Jones","timestamp":"2016-07-10T00:10:57.649Z"}
{"level":"info","message":"Matt Jones","timestamp":"2016-07-10T00:12:40.797Z"}
{"level":"info","message":"Matt Jones","timestamp":"2016-07-10T00:12:40.801Z"}
{"level":"info","message":"1 11","timestamp":"2016-07-10T00:12:40.801Z"}
{"level":"info","message":"Michelle Jones","timestamp":"2016-07-10T00:12:40.802Z"}
{"level":"info","message":"Carter Jones","timestamp":"2016-07-10T00:12:40.802Z"}
{"level":"info","message":"Carter Jones","timestamp":"2016-07-10T00:12:40.802Z"}
{"level":"info","message":"Carter Jones","timestamp":"2016-07-10T00:12:40.802Z"}
{"level":"info","message":"Matt Jones","timestamp":"2016-07-10T00:12:50.920Z"}
{"level":"info","message":"Matt Jones","timestamp":"2016-07-10T00:12:50.922Z"}
{"level":"info","message":"1 11","timestamp":"2016-07-10T00:12:50.922Z"}
{"level":"info","message":"Michelle Jones","timestamp":"2016-07-10T00:12:50.922Z"}
{"level":"info","message":"Carter Jones","timestamp":"2016-07-10T00:12:50.923Z"}
{"level":"info","message":"Carter Jones","timestamp":"2016-07-10T00:12:50.923Z"}
{"level":"info","message":"Carter Jones","timestamp":"2016-07-10T00:12:50.923Z"}
{"level":"info","message":"Calling GET on the API","timestamp":"2016-07-10T00:27:01.898Z"}
{"level":"info","message":"Calling GET on the API","timestamp":"2016-07-10T00:30:17.179Z"}
{"level":"info","message":"Calling GET on the API","timestamp":"2016-07-10T00:37:57.448Z"}
{"level":"info","message":"Calling GET on the API","timestamp":"2016-07-10T00:51:32.815Z"}
{"level":"info","message":"Calling GET on the API","timestamp":"2016-07-10T00:58:19.415Z"}
{"level":"info","message":"Template File: ./Templates/People.jade","timestamp":"2016-07-10T00:58:19.420Z"}
{"level":"info","message":"Template File: ./Templates/People2.jade","timestamp":"2016-07-10T00:58:19.521Z"}
{"level":"info","message":"Calling GET on the API","timestamp":"2016-07-10T01:00:19.965Z"}
{"level":"info","message":"Template File: ./Templates/People.jade","timestamp":"2016-07-10T01:00:19.972Z"}
{"level":"info","message":"Template File: ./Templates/People2.jade","timestamp":"2016-07-10T01:00:20.120Z"}
{"level":"info","message":"Calling GET on the API","timestamp":"2016-07-10T01:00:44.814Z"}
{"level":"info","message":"Template File: ./Templates/People.jade","timestamp":"2016-07-10T01:00:44.821Z"}
{"level":"info","message":"Template File: ./Templates/People2.jade","timestamp":"2016-07-10T01:00:44.928Z"}
